{"/Users/juninhopo/Developer/godevapi/src/index.ts": {"path":"/Users/juninhopo/Developer/godevapi/src/index.ts","statementMap":{"0":{"start":{"line":1,"column":0},"end":{"line":1,"column":46}},"1":{"start":{"line":2,"column":0},"end":{"line":2,"column":78}},"2":{"start":{"line":3,"column":0},"end":{"line":3,"column":27}},"3":{"start":{"line":5,"column":0},"end":{"line":5,"column":null}},"4":{"start":{"line":7,"column":32},"end":{"line":41,"column":null}},"5":{"start":{"line":7,"column":43},"end":{"line":41,"column":null}},"6":{"start":{"line":8,"column":2},"end":{"line":10,"column":null}},"7":{"start":{"line":12,"column":20},"end":{"line":12,"column":164}},"8":{"start":{"line":13,"column":23},"end":{"line":13,"column":51}},"9":{"start":{"line":15,"column":2},"end":{"line":20,"column":3}},"10":{"start":{"line":16,"column":4},"end":{"line":18,"column":null}},"11":{"start":{"line":19,"column":4},"end":{"line":19,"column":10}},"12":{"start":{"line":22,"column":2},"end":{"line":40,"column":3}},"13":{"start":{"line":23,"column":4},"end":{"line":25,"column":null}},"14":{"start":{"line":27,"column":4},"end":{"line":39,"column":5}},"15":{"start":{"line":28,"column":6},"end":{"line":33,"column":null}},"16":{"start":{"line":35,"column":6},"end":{"line":38,"column":null}},"17":{"start":{"line":43,"column":0},"end":{"line":43,"column":null}},"18":{"start":{"line":45,"column":0},"end":{"line":45,"column":null}}},"fnMap":{"0":{"name":"(anonymous_8)","decl":{"start":{"line":7,"column":32},"end":{"line":7,"column":41}},"loc":{"start":{"line":7,"column":43},"end":{"line":41,"column":null}}},"1":{"name":"(anonymous_9)","decl":{"start":{"line":7,"column":43},"end":{"line":7,"column":null}},"loc":{"start":{"line":7,"column":43},"end":{"line":41,"column":1}}}},"branchMap":{"0":{"loc":{"start":{"line":15,"column":2},"end":{"line":20,"column":3}},"type":"if","locations":[{"start":{"line":15,"column":2},"end":{"line":20,"column":3}}]}},"s":{"0":1,"1":1,"2":1,"3":1,"4":1,"5":4,"6":4,"7":4,"8":4,"9":4,"10":2,"11":2,"12":2,"13":2,"14":2,"15":2,"16":1,"17":1,"18":1},"f":{"0":4,"1":4},"b":{"0":[2]}}
,"/Users/juninhopo/Developer/godevapi/src/utils/download-csv.ts": {"path":"/Users/juninhopo/Developer/godevapi/src/utils/download-csv.ts","statementMap":{"0":{"start":{"line":1,"column":0},"end":{"line":1,"column":25}},"1":{"start":{"line":2,"column":0},"end":{"line":2,"column":28}},"2":{"start":{"line":5,"column":20},"end":{"line":39,"column":null}},"3":{"start":{"line":5,"column":78},"end":{"line":39,"column":null}},"4":{"start":{"line":6,"column":2},"end":{"line":8,"column":null}},"5":{"start":{"line":10,"column":2},"end":{"line":38,"column":3}},"6":{"start":{"line":11,"column":19},"end":{"line":11,"column":44}},"7":{"start":{"line":13,"column":18},"end":{"line":13,"column":31}},"8":{"start":{"line":15,"column":21},"end":{"line":18,"column":4}},"9":{"start":{"line":20,"column":2},"end":{"line":25,"column":3}},"10":{"start":{"line":21,"column":4},"end":{"line":23,"column":null}},"11":{"start":{"line":24,"column":4},"end":{"line":24,"column":null}},"12":{"start":{"line":27,"column":2},"end":{"line":29,"column":null}},"13":{"start":{"line":31,"column":2},"end":{"line":31,"column":null}},"14":{"start":{"line":34,"column":4},"end":{"line":37,"column":null}},"15":{"start":{"line":41,"column":0},"end":{"line":41,"column":null}}},"fnMap":{"0":{"name":"(anonymous_8)","decl":{"start":{"line":5,"column":20},"end":{"line":5,"column":27}},"loc":{"start":{"line":5,"column":78},"end":{"line":39,"column":null}}},"1":{"name":"(anonymous_9)","decl":{"start":{"line":5,"column":78},"end":{"line":5,"column":null}},"loc":{"start":{"line":5,"column":78},"end":{"line":39,"column":1}}}},"branchMap":{"0":{"loc":{"start":{"line":20,"column":2},"end":{"line":25,"column":3}},"type":"if","locations":[{"start":{"line":20,"column":2},"end":{"line":25,"column":3}}]}},"s":{"0":1,"1":1,"2":1,"3":0,"4":0,"5":0,"6":0,"7":0,"8":0,"9":0,"10":0,"11":0,"12":0,"13":0,"14":0,"15":1},"f":{"0":0,"1":0},"b":{"0":[0]}}
,"/Users/juninhopo/Developer/godevapi/src/utils/validate-corporative-email.ts": {"path":"/Users/juninhopo/Developer/godevapi/src/utils/validate-corporative-email.ts","statementMap":{"0":{"start":{"line":1,"column":33},"end":{"line":46,"column":1}},"1":{"start":{"line":2,"column":2},"end":{"line":5,"column":null}},"2":{"start":{"line":7,"column":2},"end":{"line":14,"column":3}},"3":{"start":{"line":8,"column":4},"end":{"line":11,"column":null}},"4":{"start":{"line":13,"column":4},"end":{"line":13,"column":null}},"5":{"start":{"line":16,"column":25},"end":{"line":27,"column":null}},"6":{"start":{"line":29,"column":22},"end":{"line":29,"column":41}},"7":{"start":{"line":31,"column":2},"end":{"line":38,"column":3}},"8":{"start":{"line":32,"column":4},"end":{"line":35,"column":null}},"9":{"start":{"line":37,"column":4},"end":{"line":37,"column":null}},"10":{"start":{"line":40,"column":2},"end":{"line":43,"column":null}},"11":{"start":{"line":45,"column":2},"end":{"line":45,"column":null}},"12":{"start":{"line":48,"column":0},"end":{"line":48,"column":null}}},"fnMap":{"0":{"name":"(anonymous_0)","decl":{"start":{"line":1,"column":33},"end":{"line":1,"column":34}},"loc":{"start":{"line":1,"column":60},"end":{"line":46,"column":1}}}},"branchMap":{"0":{"loc":{"start":{"line":7,"column":2},"end":{"line":14,"column":3}},"type":"if","locations":[{"start":{"line":7,"column":2},"end":{"line":14,"column":3}}]},"1":{"loc":{"start":{"line":31,"column":2},"end":{"line":38,"column":3}},"type":"if","locations":[{"start":{"line":31,"column":2},"end":{"line":38,"column":3}}]}},"s":{"0":3,"1":5,"2":5,"3":1,"4":1,"5":4,"6":4,"7":4,"8":2,"9":2,"10":2,"11":2,"12":3},"f":{"0":5},"b":{"0":[1],"1":[2]}}
,"/Users/juninhopo/Developer/godevapi/src/utils/hubspot/create-contact-in-hubspot.ts": {"path":"/Users/juninhopo/Developer/godevapi/src/utils/hubspot/create-contact-in-hubspot.ts","statementMap":{"0":{"start":{"line":1,"column":0},"end":{"line":1,"column":63}},"1":{"start":{"line":2,"column":0},"end":{"line":2,"column":68}},"2":{"start":{"line":3,"column":0},"end":{"line":3,"column":59}},"3":{"start":{"line":13,"column":31},"end":{"line":29,"column":null}},"4":{"start":{"line":13,"column":55},"end":{"line":29,"column":null}},"5":{"start":{"line":14,"column":2},"end":{"line":14,"column":null}},"6":{"start":{"line":16,"column":21},"end":{"line":16,"column":61}},"7":{"start":{"line":18,"column":2},"end":{"line":28,"column":3}},"8":{"start":{"line":19,"column":4},"end":{"line":19,"column":null}},"9":{"start":{"line":21,"column":4},"end":{"line":21,"column":10}},"10":{"start":{"line":23,"column":4},"end":{"line":25,"column":null}},"11":{"start":{"line":27,"column":4},"end":{"line":27,"column":10}},"12":{"start":{"line":31,"column":0},"end":{"line":31,"column":null}}},"fnMap":{"0":{"name":"(anonymous_8)","decl":{"start":{"line":13,"column":31},"end":{"line":13,"column":38}},"loc":{"start":{"line":13,"column":55},"end":{"line":29,"column":null}}},"1":{"name":"(anonymous_9)","decl":{"start":{"line":13,"column":55},"end":{"line":13,"column":null}},"loc":{"start":{"line":13,"column":55},"end":{"line":29,"column":1}}}},"branchMap":{"0":{"loc":{"start":{"line":18,"column":2},"end":{"line":28,"column":3}},"type":"if","locations":[{"start":{"line":18,"column":2},"end":{"line":28,"column":3}},{"start":{"line":22,"column":9},"end":{"line":28,"column":3}}]}},"s":{"0":2,"1":2,"2":2,"3":2,"4":2,"5":2,"6":2,"7":2,"8":1,"9":1,"10":1,"11":1,"12":2},"f":{"0":2,"1":2},"b":{"0":[1,1]}}
,"/Users/juninhopo/Developer/godevapi/src/utils/hubspot/post-contact-in-hubspot.ts": {"path":"/Users/juninhopo/Developer/godevapi/src/utils/hubspot/post-contact-in-hubspot.ts","statementMap":{"0":{"start":{"line":1,"column":0},"end":{"line":1,"column":25}},"1":{"start":{"line":4,"column":28},"end":{"line":35,"column":null}},"2":{"start":{"line":4,"column":52},"end":{"line":35,"column":null}},"3":{"start":{"line":5,"column":2},"end":{"line":34,"column":3}},"4":{"start":{"line":6,"column":4},"end":{"line":8,"column":null}},"5":{"start":{"line":10,"column":4},"end":{"line":26,"column":null}},"6":{"start":{"line":28,"column":4},"end":{"line":28,"column":10}},"7":{"start":{"line":30,"column":4},"end":{"line":33,"column":null}},"8":{"start":{"line":37,"column":0},"end":{"line":37,"column":null}}},"fnMap":{"0":{"name":"(anonymous_8)","decl":{"start":{"line":4,"column":28},"end":{"line":4,"column":35}},"loc":{"start":{"line":4,"column":52},"end":{"line":35,"column":null}}},"1":{"name":"(anonymous_9)","decl":{"start":{"line":4,"column":52},"end":{"line":4,"column":null}},"loc":{"start":{"line":4,"column":52},"end":{"line":35,"column":1}}}},"branchMap":{},"s":{"0":3,"1":3,"2":3,"3":3,"4":3,"5":3,"6":1,"7":2,"8":3},"f":{"0":3,"1":3},"b":{}}
,"/Users/juninhopo/Developer/godevapi/src/utils/hubspot/validate-already-contact.ts": {"path":"/Users/juninhopo/Developer/godevapi/src/utils/hubspot/validate-already-contact.ts","statementMap":{"0":{"start":{"line":1,"column":0},"end":{"line":1,"column":25}},"1":{"start":{"line":3,"column":31},"end":{"line":35,"column":null}},"2":{"start":{"line":3,"column":55},"end":{"line":35,"column":null}},"3":{"start":{"line":4,"column":2},"end":{"line":34,"column":3}},"4":{"start":{"line":5,"column":4},"end":{"line":12,"column":null}},"5":{"start":{"line":14,"column":4},"end":{"line":17,"column":null}},"6":{"start":{"line":19,"column":4},"end":{"line":19,"column":null}},"7":{"start":{"line":21,"column":4},"end":{"line":33,"column":5}},"8":{"start":{"line":22,"column":6},"end":{"line":25,"column":null}},"9":{"start":{"line":27,"column":6},"end":{"line":27,"column":null}},"10":{"start":{"line":29,"column":6},"end":{"line":32,"column":null}},"11":{"start":{"line":37,"column":0},"end":{"line":37,"column":null}}},"fnMap":{"0":{"name":"(anonymous_8)","decl":{"start":{"line":3,"column":31},"end":{"line":3,"column":38}},"loc":{"start":{"line":3,"column":55},"end":{"line":35,"column":null}}},"1":{"name":"(anonymous_9)","decl":{"start":{"line":3,"column":55},"end":{"line":3,"column":null}},"loc":{"start":{"line":3,"column":55},"end":{"line":35,"column":1}}}},"branchMap":{"0":{"loc":{"start":{"line":21,"column":4},"end":{"line":33,"column":5}},"type":"if","locations":[{"start":{"line":21,"column":4},"end":{"line":33,"column":5}},{"start":{"line":28,"column":11},"end":{"line":33,"column":5}}]},"1":{"loc":{"start":{"line":21,"column":7},"end":{"line":21,"column":29}},"type":"cond-expr","locations":[{"start":{"line":21,"column":21},"end":{"line":21,"column":23}},{"start":{"line":21,"column":21},"end":{"line":21,"column":29}}]},"2":{"loc":{"start":{"line":21,"column":7},"end":{"line":21,"column":23}},"type":"binary-expr","locations":[{"start":{"line":21,"column":7},"end":{"line":21,"column":23}},{"start":{"line":21,"column":21},"end":{"line":21,"column":23}}]}},"s":{"0":3,"1":3,"2":3,"3":3,"4":3,"5":1,"6":1,"7":2,"8":1,"9":1,"10":1,"11":3},"f":{"0":3,"1":3},"b":{"0":[1,1],"1":[1,1],"2":[2,2]}}
}
