TN:
SF:src/index.ts
FN:7,(anonymous_8)
FN:7,(anonymous_9)
FNF:2
FNH:2
FNDA:4,(anonymous_8)
FNDA:4,(anonymous_9)
DA:1,1
DA:2,1
DA:3,1
DA:5,1
DA:7,4
DA:8,4
DA:12,4
DA:13,4
DA:15,4
DA:16,2
DA:19,2
DA:22,2
DA:23,2
DA:27,2
DA:28,2
DA:35,1
DA:43,1
DA:45,1
LF:18
LH:18
BRDA:15,0,0,2
BRF:1
BRH:1
end_of_record
TN:
SF:src/utils/download-csv.ts
FN:5,(anonymous_8)
FN:5,(anonymous_9)
FNF:2
FNH:0
FNDA:0,(anonymous_8)
FNDA:0,(anonymous_9)
DA:1,1
DA:2,1
DA:5,1
DA:6,0
DA:10,0
DA:11,0
DA:13,0
DA:15,0
DA:20,0
DA:21,0
DA:24,0
DA:27,0
DA:31,0
DA:34,0
DA:41,1
LF:15
LH:4
BRDA:20,0,0,0
BRF:1
BRH:0
end_of_record
TN:
SF:src/utils/validate-corporative-email.ts
FN:1,(anonymous_0)
FNF:1
FNH:1
FNDA:5,(anonymous_0)
DA:1,3
DA:2,5
DA:7,5
DA:8,1
DA:13,1
DA:16,4
DA:29,4
DA:31,4
DA:32,2
DA:37,2
DA:40,2
DA:45,2
DA:48,3
LF:13
LH:13
BRDA:7,0,0,1
BRDA:31,1,0,2
BRF:2
BRH:2
end_of_record
TN:
SF:src/utils/hubspot/create-contact-in-hubspot.ts
FN:13,(anonymous_8)
FN:13,(anonymous_9)
FNF:2
FNH:2
FNDA:2,(anonymous_8)
FNDA:2,(anonymous_9)
DA:1,2
DA:2,2
DA:3,2
DA:13,2
DA:14,2
DA:16,2
DA:18,2
DA:19,1
DA:21,1
DA:23,1
DA:27,1
DA:31,2
LF:12
LH:12
BRDA:18,0,0,1
BRDA:18,0,1,1
BRF:2
BRH:2
end_of_record
TN:
SF:src/utils/hubspot/post-contact-in-hubspot.ts
FN:4,(anonymous_8)
FN:4,(anonymous_9)
FNF:2
FNH:2
FNDA:3,(anonymous_8)
FNDA:3,(anonymous_9)
DA:1,3
DA:4,3
DA:5,3
DA:6,3
DA:10,3
DA:28,1
DA:30,2
DA:37,3
LF:8
LH:8
BRF:0
BRH:0
end_of_record
TN:
SF:src/utils/hubspot/validate-already-contact.ts
FN:3,(anonymous_8)
FN:3,(anonymous_9)
FNF:2
FNH:2
FNDA:3,(anonymous_8)
FNDA:3,(anonymous_9)
DA:1,3
DA:3,3
DA:4,3
DA:5,3
DA:14,1
DA:19,1
DA:21,2
DA:22,1
DA:27,1
DA:29,1
DA:37,3
LF:11
LH:11
BRDA:21,0,0,1
BRDA:21,0,1,1
BRDA:21,1,0,1
BRDA:21,1,1,1
BRDA:21,2,0,2
BRDA:21,2,1,2
BRF:6
BRH:6
end_of_record
